<?xml version="1.0" encoding="UTF-8"?>
<testsuite xmlns:xsi="http://www.w3.org/2001/XMLSchema-instance" xsi:noNamespaceSchemaLocation="https://maven.apache.org/surefire/maven-surefire-plugin/xsd/surefire-test-report-3.0.xsd" version="3.0" name="com.javaexpress.ApplicationTests" time="13.288" tests="1" errors="0" skipped="0" failures="0">
  <properties>
[...]
</properties>
  <testcase name="contextLoads" classname="com.javaexpress.ApplicationTests" time="2.444">
    <system-out><![CDATA[21:59:38.156 [main] INFO org.springframework.test.context.support.AnnotationConfigContextLoaderUtils -- Could not detect default configuration classes for test class [com.javaexpress.ApplicationTests]: ApplicationTests does not declare any static, non-private, non-final, nested classes annotated with @Configuration.
21:59:38.407 [main] INFO org.springframework.boot.test.context.SpringBootTestContextBootstrapper -- Found @SpringBootConfiguration com.javaexpress.Application for test class com.javaexpress.ApplicationTests

  .   ____          _            __ _ _
 /\\ / ___'_ __ _ _(_)_ __  __ _ \ \ \ \
( ( )\___ | '_ | '_| | '_ \/ _` | \ \ \ \
 \\/  ___)| |_)| | | | | || (_| |  ) ) ) )
  '  |____| .__|_| |_|_| |_\__, | / / / /
 =========|_|==============|___/=/_/_/_/
 :: Spring Boot ::                (v3.2.7)

2024-07-21T21:59:39.474+05:30  INFO 55344 --- [aws-cicd] [           main] com.javaexpress.ApplicationTests         : Starting ApplicationTests using Java 17.0.5 with PID 55344 (started by Bhaskar in F:\AWS\kubernetes_workspace\userservice-kubernetes)
2024-07-21T21:59:39.477+05:30  INFO 55344 --- [aws-cicd] [           main] com.javaexpress.ApplicationTests         : The following 1 profile is active: "dev"
2024-07-21T21:59:41.601+05:30  INFO 55344 --- [aws-cicd] [           main] .s.d.r.c.RepositoryConfigurationDelegate : Bootstrapping Spring Data JPA repositories in DEFAULT mode.
2024-07-21T21:59:41.734+05:30  INFO 55344 --- [aws-cicd] [           main] .s.d.r.c.RepositoryConfigurationDelegate : Finished Spring Data repository scanning in 116 ms. Found 1 JPA repository interface.
2024-07-21T21:59:42.879+05:30  INFO 55344 --- [aws-cicd] [           main] o.hibernate.jpa.internal.util.LogHelper  : HHH000204: Processing PersistenceUnitInfo [name: default]
2024-07-21T21:59:43.032+05:30  INFO 55344 --- [aws-cicd] [           main] org.hibernate.Version                    : HHH000412: Hibernate ORM core version 6.4.9.Final
2024-07-21T21:59:43.160+05:30  INFO 55344 --- [aws-cicd] [           main] o.h.c.internal.RegionFactoryInitiator    : HHH000026: Second-level cache disabled
2024-07-21T21:59:43.768+05:30  INFO 55344 --- [aws-cicd] [           main] o.s.o.j.p.SpringPersistenceUnitInfo      : No LoadTimeWeaver setup: ignoring JPA class transformer
2024-07-21T21:59:43.824+05:30  INFO 55344 --- [aws-cicd] [           main] com.zaxxer.hikari.HikariDataSource       : HikariPool-1 - Starting...
2024-07-21T21:59:44.178+05:30  INFO 55344 --- [aws-cicd] [           main] com.zaxxer.hikari.pool.HikariPool        : HikariPool-1 - Added connection conn0: url=jdbc:h2:mem:devdb user=BHASKAR
2024-07-21T21:59:44.182+05:30  INFO 55344 --- [aws-cicd] [           main] com.zaxxer.hikari.HikariDataSource       : HikariPool-1 - Start completed.
2024-07-21T21:59:45.489+05:30  INFO 55344 --- [aws-cicd] [           main] o.h.e.t.j.p.i.JtaPlatformInitiator       : HHH000489: No JTA platform available (set 'hibernate.transaction.jta.platform' to enable JTA platform integration)
2024-07-21T21:59:45.544+05:30  INFO 55344 --- [aws-cicd] [           main] j.LocalContainerEntityManagerFactoryBean : Initialized JPA EntityManagerFactory for persistence unit 'default'
2024-07-21T21:59:46.466+05:30  WARN 55344 --- [aws-cicd] [           main] JpaBaseConfiguration$JpaWebConfiguration : spring.jpa.open-in-view is enabled by default. Therefore, database queries may be performed during view rendering. Explicitly configure spring.jpa.open-in-view to disable this warning
2024-07-21T21:59:48.070+05:30  INFO 55344 --- [aws-cicd] [           main] o.s.b.a.h2.H2ConsoleAutoConfiguration    : H2 console available at '/h2-console'. Database available at 'jdbc:h2:mem:devdb'
2024-07-21T21:59:48.472+05:30  INFO 55344 --- [aws-cicd] [           main] com.javaexpress.ApplicationTests         : Started ApplicationTests in 9.633 seconds (process running for 12.477)
]]></system-out>
  </testcase>
</testsuite>